
> frontend@0.0.0 dev
> vite --host 0.0.0.0 --port 3000

[33mYou are using Node.js 22.11.0. Vite requires Node.js version 20.19+ or 22.12+. Please upgrade your Node.js version.[39m
[2m7:57:35 PM[22m [36m[1m[vite][22m[39m [90m[2m(client)[22m[39m Re-optimizing dependencies because vite config has changed

  [32m[1mVITE[22m v7.3.1[39m  [2mready in [0m[1m949[22m[2m[0m ms[22m

  [32m➜[39m  [1mLocal[22m:   [36mhttp://localhost:[1m3000[22m/[39m
  [32m➜[39m  [1mNetwork[22m: [36mhttp://172.25.192.1:[1m3000[22m/[39m
  [32m➜[39m  [1mNetwork[22m: [36mhttp://10.202.87.246:[1m3000[22m/[39m
[2m[32m  ➜[39m[22m[2m  press [22m[1mh + enter[22m[2m to show help[22m
[2m8:42:04 PM[22m [36m[1m[vite][22m[39m [90m[2m(client)[22m[39m [32mhmr update [39m[2m/@fs/C:/laragon/www/LIcense/frontend/src/index.css[22m
[2m8:42:04 PM[22m [36m[1m[vite][22m[39m [90m[2m(client)[22m[39m [32mhmr update [39m[2m/@fs/C:/laragon/www/LIcense/frontend/src/pages/shared/RenewLicensePage.tsx[22m
[2m9:01:15 PM[22m [36m[1m[vite][22m[39m [90m[2m(client)[22m[39m [32mhmr update [39m[2m/@fs/C:/laragon/www/LIcense/frontend/src/index.css[22m
[2m9:01:15 PM[22m [36m[1m[vite][22m[39m [90m[2m(client)[22m[39m [32mhmr update [39m[2m/@fs/C:/laragon/www/LIcense/frontend/src/components/customers/StatusFilterCard.tsx[22m
[2m9:01:15 PM[22m [36m[1m[vite][22m[39m [90m[2m(client)[22m[39m [32mhmr update [39m[2m/@fs/C:/laragon/www/LIcense/frontend/src/index.css[22m
[2m9:01:15 PM[22m [36m[1m[vite][22m[39m [90m[2m(client)[22m[39m [32mhmr update [39m[2m/@fs/C:/laragon/www/LIcense/frontend/src/components/shared/StatusBadge.tsx[22m
[2m9:01:15 PM[22m [36m[1m[vite][22m[39m [90m[2m(client)[22m[39m [32mhmr update [39m[2m/@fs/C:/laragon/www/LIcense/frontend/src/index.css[22m
[2m9:01:15 PM[22m [36m[1m[vite][22m[39m [90m[2m(client)[22m[39m [32mhmr update [39m[2m/@fs/C:/laragon/www/LIcense/frontend/src/components/ui/button.tsx, /@fs/C:/laragon/www/LIcense/frontend/src/components/ui/card.tsx, /@fs/C:/laragon/www/LIcense/frontend/src/components/shared/PageTransition.tsx, /@fs/C:/laragon/www/LIcense/frontend/src/components/shared/OnlineUsersWidget.tsx, /@fs/C:/laragon/www/LIcense/frontend/src/components/layout/Sidebar.tsx, /@fs/C:/laragon/www/LIcense/frontend/src/components/ui/dropdown-menu.tsx, /@fs/C:/laragon/www/LIcense/frontend/src/components/shared/RoleBadge.tsx, /@fs/C:/laragon/www/LIcense/frontend/src/pages/reseller/Dashboard.tsx, /@fs/C:/laragon/www/LIcense/frontend/src/components/shared/SkeletonCard.tsx, /@fs/C:/laragon/www/LIcense/frontend/src/components/shared/StatsCard.tsx, /@fs/C:/laragon/www/LIcense/frontend/src/components/manager-parent/PageHeader.tsx, /@fs/C:/laragon/www/LIcense/frontend/src/components/charts/BaseChart.tsx, /@fs/C:/laragon/www/LIcense/frontend/src/components/charts/ChartCard.tsx, /@fs/C:/laragon/www/LIcense/frontend/src/components/shared/SkeletonChart.tsx, /@fs/C:/laragon/www/LIcense/frontend/src/pages/manager/Dashboard.tsx, /@fs/C:/laragon/www/LIcense/frontend/src/pages/manager-parent/Dashboard.tsx, /@fs/C:/laragon/www/LIcense/frontend/src/components/ui/input.tsx, /@fs/C:/laragon/www/LIcense/frontend/src/components/ui/label.tsx, /@fs/C:/laragon/www/LIcense/frontend/src/pages/super-admin/Dashboard.tsx, /@fs/C:/laragon/www/LIcense/frontend/src/pages/reseller/Customers.tsx, /@fs/C:/laragon/www/LIcense/frontend/src/components/shared/StatusBadge.tsx, /@fs/C:/laragon/www/LIcense/frontend/src/components/customers/StatusFilterCard.tsx, /@fs/C:/laragon/www/LIcense/frontend/src/components/ui/dialog.tsx, /@fs/C:/laragon/www/LIcense/frontend/src/components/shared/DataTable.tsx, /@fs/C:/laragon/www/LIcense/frontend/src/components/shared/ResponsiveTable.tsx, /@fs/C:/laragon/www/LIcense/frontend/src/pages/reseller/Activations.tsx, /@fs/C:/laragon/www/LIcense/frontend/src/components/ui/date-range-picker.tsx, /@fs/C:/laragon/www/LIcense/frontend/src/pages/reseller/Reports.tsx, /@fs/C:/laragon/www/LIcense/frontend/src/pages/manager/Customers.tsx, /@fs/C:/laragon/www/LIcense/frontend/src/pages/manager/Reports.tsx, /@fs/C:/laragon/www/LIcense/frontend/src/pages/manager-parent/Customers.tsx, /@fs/C:/laragon/www/LIcense/frontend/src/pages/manager-parent/FinancialReports.tsx, /@fs/C:/laragon/www/LIcense/frontend/src/pages/manager-parent/BiosConflicts.tsx, /@fs/C:/laragon/www/LIcense/frontend/src/components/ui/textarea.tsx, /@fs/C:/laragon/www/LIcense/frontend/src/pages/manager-parent/ResellerLogs.tsx, /@fs/C:/laragon/www/LIcense/frontend/src/pages/super-admin/Customers.tsx, /@fs/C:/laragon/www/LIcense/frontend/src/pages/super-admin/Reports.tsx, /@fs/C:/laragon/www/LIcense/frontend/src/pages/super-admin/Users.tsx, /@fs/C:/laragon/www/LIcense/frontend/src/pages/super-admin/Tenants.tsx, /@fs/C:/laragon/www/LIcense/frontend/src/components/shared/LoadingSpinner.tsx, /@fs/C:/laragon/www/LIcense/frontend/src/pages/super-admin/BiosConflicts.tsx, /@fs/C:/laragon/www/LIcense/frontend/src/pages/shared/RenewLicensePage.tsx, /@fs/C:/laragon/www/LIcense/frontend/src/pages/shared/CustomerCreatePage.tsx[22m
[2m9:01:15 PM[22m [36m[1m[vite][22m[39m [90m[2m(client)[22m[39m [32mhmr update [39m[2m/@fs/C:/laragon/www/LIcense/frontend/src/index.css[22m
[2m9:01:15 PM[22m [36m[1m[vite][22m[39m [90m[2m(client)[22m[39m [32mhmr update [39m[2m/@fs/C:/laragon/www/LIcense/frontend/src/pages/reseller/Customers.tsx[22m
[2m9:01:15 PM[22m [36m[1m[vite][22m[39m [90m[2m(client)[22m[39m [32mhmr update [39m[2m/@fs/C:/laragon/www/LIcense/frontend/src/index.css[22m
[2m9:01:15 PM[22m [36m[1m[vite][22m[39m [90m[2m(client)[22m[39m [32mhmr update [39m[2m/@fs/C:/laragon/www/LIcense/frontend/src/pages/manager/Customers.tsx[22m
[2m9:01:15 PM[22m [36m[1m[vite][22m[39m [90m[2m(client)[22m[39m [32mhmr update [39m[2m/@fs/C:/laragon/www/LIcense/frontend/src/index.css[22m
[2m9:01:15 PM[22m [36m[1m[vite][22m[39m [90m[2m(client)[22m[39m [32mhmr update [39m[2m/@fs/C:/laragon/www/LIcense/frontend/src/pages/manager-parent/Customers.tsx[22m
[2m9:01:15 PM[22m [36m[1m[vite][22m[39m [90m[2m(client)[22m[39m [32mhmr update [39m[2m/@fs/C:/laragon/www/LIcense/frontend/src/pages/manager-parent/Customers.tsx[22m
[2m9:01:15 PM[22m [36m[1m[vite][22m[39m [90m[2m(client)[22m[39m [32mhmr update [39m[2m/@fs/C:/laragon/www/LIcense/frontend/src/index.css[22m
[2m9:01:15 PM[22m [36m[1m[vite][22m[39m [90m[2m(client)[22m[39m [32mhmr update [39m[2m/@fs/C:/laragon/www/LIcense/frontend/src/pages/super-admin/Customers.tsx[22m
[2m9:01:15 PM[22m [36m[1m[vite][22m[39m [90m[2m(client)[22m[39m [32mpage reload [39m[2mC:/laragon/www/LIcense/frontend/src/locales/en.json[22m
[2m9:02:14 PM[22m [36m[1m[vite][22m[39m [90m[2m(client)[22m[39m [32mhmr update [39m[2m/@fs/C:/laragon/www/LIcense/frontend/src/index.css[22m
[2m9:02:14 PM[22m [36m[1m[vite][22m[39m [90m[2m(client)[22m[39m [32mhmr update [39m[2m/@fs/C:/laragon/www/LIcense/frontend/src/components/ui/button.tsx, /@fs/C:/laragon/www/LIcense/frontend/src/components/ui/card.tsx, /@fs/C:/laragon/www/LIcense/frontend/src/components/shared/PageTransition.tsx, /@fs/C:/laragon/www/LIcense/frontend/src/components/shared/OnlineUsersWidget.tsx, /@fs/C:/laragon/www/LIcense/frontend/src/components/layout/Sidebar.tsx, /@fs/C:/laragon/www/LIcense/frontend/src/components/ui/dropdown-menu.tsx, /@fs/C:/laragon/www/LIcense/frontend/src/components/shared/RoleBadge.tsx, /@fs/C:/laragon/www/LIcense/frontend/src/pages/reseller/Dashboard.tsx, /@fs/C:/laragon/www/LIcense/frontend/src/components/shared/SkeletonCard.tsx, /@fs/C:/laragon/www/LIcense/frontend/src/components/shared/StatsCard.tsx, /@fs/C:/laragon/www/LIcense/frontend/src/components/manager-parent/PageHeader.tsx, /@fs/C:/laragon/www/LIcense/frontend/src/components/charts/BaseChart.tsx, /@fs/C:/laragon/www/LIcense/frontend/src/components/charts/ChartCard.tsx, /@fs/C:/laragon/www/LIcense/frontend/src/components/shared/SkeletonChart.tsx, /@fs/C:/laragon/www/LIcense/frontend/src/pages/manager/Dashboard.tsx, /@fs/C:/laragon/www/LIcense/frontend/src/pages/manager-parent/Dashboard.tsx, /@fs/C:/laragon/www/LIcense/frontend/src/components/ui/input.tsx, /@fs/C:/laragon/www/LIcense/frontend/src/components/ui/label.tsx, /@fs/C:/laragon/www/LIcense/frontend/src/pages/super-admin/Dashboard.tsx, /@fs/C:/laragon/www/LIcense/frontend/src/pages/reseller/Customers.tsx, /@fs/C:/laragon/www/LIcense/frontend/src/components/shared/StatusBadge.tsx, /@fs/C:/laragon/www/LIcense/frontend/src/components/customers/StatusFilterCard.tsx, /@fs/C:/laragon/www/LIcense/frontend/src/components/ui/dialog.tsx, /@fs/C:/laragon/www/LIcense/frontend/src/components/shared/DataTable.tsx, /@fs/C:/laragon/www/LIcense/frontend/src/components/shared/ResponsiveTable.tsx, /@fs/C:/laragon/www/LIcense/frontend/src/pages/reseller/Activations.tsx, /@fs/C:/laragon/www/LIcense/frontend/src/components/ui/date-range-picker.tsx, /@fs/C:/laragon/www/LIcense/frontend/src/pages/reseller/Reports.tsx, /@fs/C:/laragon/www/LIcense/frontend/src/pages/manager/Customers.tsx, /@fs/C:/laragon/www/LIcense/frontend/src/pages/manager/Reports.tsx, /@fs/C:/laragon/www/LIcense/frontend/src/pages/manager-parent/Customers.tsx, /@fs/C:/laragon/www/LIcense/frontend/src/pages/manager-parent/FinancialReports.tsx, /@fs/C:/laragon/www/LIcense/frontend/src/pages/manager-parent/BiosConflicts.tsx, /@fs/C:/laragon/www/LIcense/frontend/src/components/ui/textarea.tsx, /@fs/C:/laragon/www/LIcense/frontend/src/pages/manager-parent/ResellerLogs.tsx, /@fs/C:/laragon/www/LIcense/frontend/src/pages/super-admin/Customers.tsx, /@fs/C:/laragon/www/LIcense/frontend/src/pages/super-admin/Reports.tsx, /@fs/C:/laragon/www/LIcense/frontend/src/pages/super-admin/Users.tsx, /@fs/C:/laragon/www/LIcense/frontend/src/pages/super-admin/Tenants.tsx, /@fs/C:/laragon/www/LIcense/frontend/src/components/shared/LoadingSpinner.tsx, /@fs/C:/laragon/www/LIcense/frontend/src/pages/super-admin/BiosConflicts.tsx, /@fs/C:/laragon/www/LIcense/frontend/src/pages/shared/RenewLicensePage.tsx, /@fs/C:/laragon/www/LIcense/frontend/src/pages/shared/CustomerCreatePage.tsx[22m
[2m9:08:07 PM[22m [36m[1m[vite][22m[39m [90m[2m(client)[22m[39m [32mhmr update [39m[2m/@fs/C:/laragon/www/LIcense/frontend/src/index.css[22m
[2m9:08:07 PM[22m [36m[1m[vite][22m[39m [90m[2m(client)[22m[39m [32mhmr update [39m[2m/@fs/C:/laragon/www/LIcense/frontend/src/pages/reseller/Customers.tsx[22m
[2m9:08:07 PM[22m [36m[1m[vite][22m[39m [90m[2m(client)[22m[39m [32mhmr update [39m[2m/@fs/C:/laragon/www/LIcense/frontend/src/index.css[22m
[2m9:08:07 PM[22m [36m[1m[vite][22m[39m [90m[2m(client)[22m[39m [32mhmr update [39m[2m/@fs/C:/laragon/www/LIcense/frontend/src/pages/manager/Customers.tsx[22m
[2m9:08:07 PM[22m [36m[1m[vite][22m[39m [90m[2m(client)[22m[39m [32mhmr update [39m[2m/@fs/C:/laragon/www/LIcense/frontend/src/index.css[22m
[2m9:08:07 PM[22m [36m[1m[vite][22m[39m [90m[2m(client)[22m[39m [32mhmr update [39m[2m/@fs/C:/laragon/www/LIcense/frontend/src/pages/manager-parent/Customers.tsx[22m
[2m9:08:07 PM[22m [36m[1m[vite][22m[39m [90m[2m(client)[22m[39m [32mhmr update [39m[2m/@fs/C:/laragon/www/LIcense/frontend/src/index.css[22m
[2m9:08:07 PM[22m [36m[1m[vite][22m[39m [90m[2m(client)[22m[39m [32mhmr update [39m[2m/@fs/C:/laragon/www/LIcense/frontend/src/pages/super-admin/Customers.tsx[22m
[2m9:08:07 PM[22m [36m[1m[vite][22m[39m [90m[2m(client)[22m[39m [32mhmr update [39m[2m/@fs/C:/laragon/www/LIcense/frontend/src/index.css[22m
[2m9:08:07 PM[22m [36m[1m[vite][22m[39m [90m[2m(client)[22m[39m [32mhmr update [39m[2m/@fs/C:/laragon/www/LIcense/frontend/src/components/ui/button.tsx, /@fs/C:/laragon/www/LIcense/frontend/src/components/ui/card.tsx, /@fs/C:/laragon/www/LIcense/frontend/src/components/shared/PageTransition.tsx, /@fs/C:/laragon/www/LIcense/frontend/src/components/shared/OnlineUsersWidget.tsx, /@fs/C:/laragon/www/LIcense/frontend/src/components/layout/Sidebar.tsx, /@fs/C:/laragon/www/LIcense/frontend/src/components/ui/dropdown-menu.tsx, /@fs/C:/laragon/www/LIcense/frontend/src/components/shared/RoleBadge.tsx, /@fs/C:/laragon/www/LIcense/frontend/src/pages/reseller/Dashboard.tsx, /@fs/C:/laragon/www/LIcense/frontend/src/components/shared/SkeletonCard.tsx, /@fs/C:/laragon/www/LIcense/frontend/src/components/shared/StatsCard.tsx, /@fs/C:/laragon/www/LIcense/frontend/src/components/manager-parent/PageHeader.tsx, /@fs/C:/laragon/www/LIcense/frontend/src/components/charts/BaseChart.tsx, /@fs/C:/laragon/www/LIcense/frontend/src/components/charts/ChartCard.tsx, /@fs/C:/laragon/www/LIcense/frontend/src/components/shared/SkeletonChart.tsx, /@fs/C:/laragon/www/LIcense/frontend/src/pages/manager/Dashboard.tsx, /@fs/C:/laragon/www/LIcense/frontend/src/pages/manager-parent/Dashboard.tsx, /@fs/C:/laragon/www/LIcense/frontend/src/components/ui/input.tsx, /@fs/C:/laragon/www/LIcense/frontend/src/components/ui/label.tsx, /@fs/C:/laragon/www/LIcense/frontend/src/pages/super-admin/Dashboard.tsx, /@fs/C:/laragon/www/LIcense/frontend/src/pages/reseller/Customers.tsx, /@fs/C:/laragon/www/LIcense/frontend/src/components/shared/StatusBadge.tsx, /@fs/C:/laragon/www/LIcense/frontend/src/components/customers/StatusFilterCard.tsx, /@fs/C:/laragon/www/LIcense/frontend/src/components/ui/dialog.tsx, /@fs/C:/laragon/www/LIcense/frontend/src/components/shared/DataTable.tsx, /@fs/C:/laragon/www/LIcense/frontend/src/components/shared/ResponsiveTable.tsx, /@fs/C:/laragon/www/LIcense/frontend/src/pages/reseller/Activations.tsx, /@fs/C:/laragon/www/LIcense/frontend/src/components/ui/date-range-picker.tsx, /@fs/C:/laragon/www/LIcense/frontend/src/pages/reseller/Reports.tsx, /@fs/C:/laragon/www/LIcense/frontend/src/pages/manager/Customers.tsx, /@fs/C:/laragon/www/LIcense/frontend/src/pages/manager/Reports.tsx, /@fs/C:/laragon/www/LIcense/frontend/src/pages/manager-parent/Customers.tsx, /@fs/C:/laragon/www/LIcense/frontend/src/pages/manager-parent/FinancialReports.tsx, /@fs/C:/laragon/www/LIcense/frontend/src/pages/manager-parent/BiosConflicts.tsx, /@fs/C:/laragon/www/LIcense/frontend/src/components/ui/textarea.tsx, /@fs/C:/laragon/www/LIcense/frontend/src/pages/manager-parent/ResellerLogs.tsx, /@fs/C:/laragon/www/LIcense/frontend/src/pages/super-admin/Customers.tsx, /@fs/C:/laragon/www/LIcense/frontend/src/pages/super-admin/Reports.tsx, /@fs/C:/laragon/www/LIcense/frontend/src/pages/super-admin/Users.tsx, /@fs/C:/laragon/www/LIcense/frontend/src/pages/super-admin/Tenants.tsx, /@fs/C:/laragon/www/LIcense/frontend/src/components/shared/LoadingSpinner.tsx, /@fs/C:/laragon/www/LIcense/frontend/src/pages/super-admin/BiosConflicts.tsx, /@fs/C:/laragon/www/LIcense/frontend/src/pages/shared/RenewLicensePage.tsx, /@fs/C:/laragon/www/LIcense/frontend/src/pages/shared/CustomerCreatePage.tsx[22m
[2m9:08:07 PM[22m [36m[1m[vite][22m[39m [90m[2m(client)[22m[39m [32mhmr update [39m[2m/@fs/C:/laragon/www/LIcense/frontend/src/index.css[22m
[2m9:08:07 PM[22m [36m[1m[vite][22m[39m [90m[2m(client)[22m[39m [32mpage reload [39m[2mC:/laragon/www/LIcense/frontend/src/locales/en.json[22m
[2m9:08:46 PM[22m [36m[1m[vite][22m[39m [90m[2m(client)[22m[39m [32mhmr update [39m[2m/@fs/C:/laragon/www/LIcense/frontend/src/index.css[22m
[2m9:08:46 PM[22m [36m[1m[vite][22m[39m [90m[2m(client)[22m[39m [32mhmr update [39m[2m/@fs/C:/laragon/www/LIcense/frontend/src/components/shared/StatusBadge.tsx[22m
[2m11:29:21 PM[22m [36m[1m[vite][22m[39m [90m[2m(client)[22m[39m [32mhmr update [39m[2m/@fs/C:/laragon/www/LIcense/frontend/src/index.css[22m
[2m11:29:21 PM[22m [36m[1m[vite][22m[39m [90m[2m(client)[22m[39m [32mhmr update [39m[2m/@fs/C:/laragon/www/LIcense/frontend/src/components/ui/button.tsx, /@fs/C:/laragon/www/LIcense/frontend/src/components/ui/card.tsx, /@fs/C:/laragon/www/LIcense/frontend/src/components/shared/PageTransition.tsx, /@fs/C:/laragon/www/LIcense/frontend/src/components/shared/OnlineUsersWidget.tsx, /@fs/C:/laragon/www/LIcense/frontend/src/components/layout/Sidebar.tsx, /@fs/C:/laragon/www/LIcense/frontend/src/components/ui/dropdown-menu.tsx, /@fs/C:/laragon/www/LIcense/frontend/src/components/shared/RoleBadge.tsx, /@fs/C:/laragon/www/LIcense/frontend/src/pages/reseller/Dashboard.tsx, /@fs/C:/laragon/www/LIcense/frontend/src/components/shared/SkeletonCard.tsx, /@fs/C:/laragon/www/LIcense/frontend/src/components/shared/StatsCard.tsx, /@fs/C:/laragon/www/LIcense/frontend/src/components/manager-parent/PageHeader.tsx, /@fs/C:/laragon/www/LIcense/frontend/src/components/charts/BaseChart.tsx, /@fs/C:/laragon/www/LIcense/frontend/src/components/charts/ChartCard.tsx, /@fs/C:/laragon/www/LIcense/frontend/src/components/shared/SkeletonChart.tsx, /@fs/C:/laragon/www/LIcense/frontend/src/pages/manager/Dashboard.tsx, /@fs/C:/laragon/www/LIcense/frontend/src/pages/manager-parent/Dashboard.tsx, /@fs/C:/laragon/www/LIcense/frontend/src/components/ui/input.tsx, /@fs/C:/laragon/www/LIcense/frontend/src/components/ui/label.tsx, /@fs/C:/laragon/www/LIcense/frontend/src/pages/super-admin/Dashboard.tsx, /@fs/C:/laragon/www/LIcense/frontend/src/pages/reseller/Customers.tsx, /@fs/C:/laragon/www/LIcense/frontend/src/components/shared/StatusBadge.tsx, /@fs/C:/laragon/www/LIcense/frontend/src/components/customers/StatusFilterCard.tsx, /@fs/C:/laragon/www/LIcense/frontend/src/components/ui/dialog.tsx, /@fs/C:/laragon/www/LIcense/frontend/src/components/shared/DataTable.tsx, /@fs/C:/laragon/www/LIcense/frontend/src/components/shared/ResponsiveTable.tsx, /@fs/C:/laragon/www/LIcense/frontend/src/pages/reseller/Activations.tsx, /@fs/C:/laragon/www/LIcense/frontend/src/components/ui/date-range-picker.tsx, /@fs/C:/laragon/www/LIcense/frontend/src/pages/reseller/Reports.tsx, /@fs/C:/laragon/www/LIcense/frontend/src/pages/manager/Customers.tsx, /@fs/C:/laragon/www/LIcense/frontend/src/pages/manager/Reports.tsx, /@fs/C:/laragon/www/LIcense/frontend/src/pages/manager-parent/Customers.tsx, /@fs/C:/laragon/www/LIcense/frontend/src/pages/manager-parent/FinancialReports.tsx, /@fs/C:/laragon/www/LIcense/frontend/src/pages/manager-parent/BiosConflicts.tsx, /@fs/C:/laragon/www/LIcense/frontend/src/components/ui/textarea.tsx, /@fs/C:/laragon/www/LIcense/frontend/src/pages/manager-parent/ResellerLogs.tsx, /@fs/C:/laragon/www/LIcense/frontend/src/pages/super-admin/Customers.tsx, /@fs/C:/laragon/www/LIcense/frontend/src/pages/super-admin/Reports.tsx, /@fs/C:/laragon/www/LIcense/frontend/src/pages/super-admin/Users.tsx, /@fs/C:/laragon/www/LIcense/frontend/src/pages/super-admin/Tenants.tsx, /@fs/C:/laragon/www/LIcense/frontend/src/components/shared/LoadingSpinner.tsx, /@fs/C:/laragon/www/LIcense/frontend/src/pages/super-admin/BiosConflicts.tsx, /@fs/C:/laragon/www/LIcense/frontend/src/pages/shared/RenewLicensePage.tsx, /@fs/C:/laragon/www/LIcense/frontend/src/pages/shared/CustomerCreatePage.tsx, /@fs/C:/laragon/www/LIcense/frontend/src/components/shared/ProgramCatalogPage.tsx[22m
[2m11:29:21 PM[22m [36m[1m[vite][22m[39m [90m[2m(client)[22m[39m [32mhmr update [39m[2m/@fs/C:/laragon/www/LIcense/frontend/src/index.css[22m
[2m11:29:21 PM[22m [36m[1m[vite][22m[39m [90m[2m(client)[22m[39m [32mhmr update [39m[2m/@fs/C:/laragon/www/LIcense/frontend/src/index.css[22m
[2m11:29:21 PM[22m [36m[1m[vite][22m[39m [90m[2m(client)[22m[39m [32mhmr update [39m[2m/@fs/C:/laragon/www/LIcense/frontend/src/index.css[22m
[2m11:29:21 PM[22m [36m[1m[vite][22m[39m [90m[2m(client)[22m[39m [32mhmr update [39m[2m/@fs/C:/laragon/www/LIcense/frontend/src/index.css[22m
[2m11:59:53 PM[22m [36m[1m[vite][22m[39m [90m[2m(client)[22m[39m [32mhmr update [39m[2m/@fs/C:/laragon/www/LIcense/frontend/src/index.css[22m
[2m11:59:53 PM[22m [36m[1m[vite][22m[39m [90m[2m(client)[22m[39m [32mhmr update [39m[2m/@fs/C:/laragon/www/LIcense/frontend/src/pages/manager/Team.tsx[22m
[2m12:00:00 AM[22m [36m[1m[vite][22m[39m [90m[2m(client)[22m[39m [32mhmr update [39m[2m/@fs/C:/laragon/www/LIcense/frontend/src/index.css[22m
[2m12:00:08 AM[22m [36m[1m[vite][22m[39m [90m[2m(client)[22m[39m [32mhmr update [39m[2m/@fs/C:/laragon/www/LIcense/frontend/src/index.css[22m
[2m12:00:15 AM[22m [36m[1m[vite][22m[39m [90m[2m(client)[22m[39m [32mhmr update [39m[2m/@fs/C:/laragon/www/LIcense/frontend/src/index.css[22m
[2m12:42:17 AM[22m [36m[1m[vite][22m[39m [90m[2m(client)[22m[39m [32mhmr update [39m[2m/@fs/C:/laragon/www/LIcense/frontend/src/index.css[22m
[2m12:42:17 AM[22m [36m[1m[vite][22m[39m [90m[2m(client)[22m[39m [32mhmr update [39m[2m/@fs/C:/laragon/www/LIcense/frontend/src/components/shared/OnlineUsersWidget.tsx, /@fs/C:/laragon/www/LIcense/frontend/src/components/layout/Sidebar.tsx, /@fs/C:/laragon/www/LIcense/frontend/src/pages/manager/Dashboard.tsx, /@fs/C:/laragon/www/LIcense/frontend/src/pages/manager/Customers.tsx, /@fs/C:/laragon/www/LIcense/frontend/src/pages/manager/Reports.tsx, /@fs/C:/laragon/www/LIcense/frontend/src/pages/manager/Team.tsx[22m
[2m12:42:27 AM[22m [36m[1m[vite][22m[39m [90m[2m(client)[22m[39m [32mhmr update [39m[2m/@fs/C:/laragon/www/LIcense/frontend/src/index.css[22m
[2m12:42:27 AM[22m [36m[1m[vite][22m[39m [90m[2m(client)[22m[39m [32mhmr update [39m[2m/@fs/C:/laragon/www/LIcense/frontend/src/components/shared/OnlineUsersWidget.tsx, /@fs/C:/laragon/www/LIcense/frontend/src/components/layout/Sidebar.tsx, /@fs/C:/laragon/www/LIcense/frontend/src/pages/manager-parent/Dashboard.tsx, /@fs/C:/laragon/www/LIcense/frontend/src/pages/manager-parent/FinancialReports.tsx, /@fs/C:/laragon/www/LIcense/frontend/src/pages/manager-parent/BiosConflicts.tsx, /@fs/C:/laragon/www/LIcense/frontend/src/pages/manager-parent/ResellerLogs.tsx, /@fs/C:/laragon/www/LIcense/frontend/src/pages/manager-parent/TeamManagement.tsx[22m
[2m12:42:37 AM[22m [36m[1m[vite][22m[39m [90m[2m(client)[22m[39m [32mhmr update [39m[2m/@fs/C:/laragon/www/LIcense/frontend/src/index.css[22m
[2m12:42:37 AM[22m [36m[1m[vite][22m[39m [90m[2m(client)[22m[39m [32mhmr update [39m[2m/@fs/C:/laragon/www/LIcense/frontend/src/pages/super-admin/Customers.tsx, /@fs/C:/laragon/www/LIcense/frontend/src/pages/super-admin/AdminManagement.tsx[22m
[2m12:42:53 AM[22m [36m[1m[vite][22m[39m [90m[2m(client)[22m[39m [32mhmr update [39m[2m/@fs/C:/laragon/www/LIcense/frontend/src/index.css[22m
[2m12:42:53 AM[22m [36m[1m[vite][22m[39m [90m[2m(client)[22m[39m [32mhmr update [39m[2m/@fs/C:/laragon/www/LIcense/frontend/src/pages/super-admin/BiosConflicts.tsx, /@fs/C:/laragon/www/LIcense/frontend/src/pages/super-admin/AdminManagement.tsx[22m
[2m12:43:41 AM[22m [36m[1m[vite][22m[39m [90m[2m(client)[22m[39m [32mhmr update [39m[2m/@fs/C:/laragon/www/LIcense/frontend/src/index.css[22m
[2m12:43:41 AM[22m [36m[1m[vite][22m[39m [90m[2m(client)[22m[39m [32mhmr update [39m[2m/@fs/C:/laragon/www/LIcense/frontend/src/pages/manager/Team.tsx[22m
[2m12:43:57 AM[22m [36m[1m[vite][22m[39m [90m[2m(client)[22m[39m [32mhmr update [39m[2m/@fs/C:/laragon/www/LIcense/frontend/src/index.css[22m
[2m12:43:57 AM[22m [36m[1m[vite][22m[39m [90m[2m(client)[22m[39m [32mhmr update [39m[2m/@fs/C:/laragon/www/LIcense/frontend/src/pages/manager-parent/TeamManagement.tsx[22m
[2m12:44:16 AM[22m [36m[1m[vite][22m[39m [90m[2m(client)[22m[39m [32mhmr update [39m[2m/@fs/C:/laragon/www/LIcense/frontend/src/index.css[22m
[2m12:44:16 AM[22m [36m[1m[vite][22m[39m [90m[2m(client)[22m[39m [32mhmr update [39m[2m/@fs/C:/laragon/www/LIcense/frontend/src/pages/super-admin/AdminManagement.tsx[22m
[2m12:44:33 AM[22m [36m[1m[vite][22m[39m [90m[2m(client)[22m[39m [32mpage reload [39m[2mC:/laragon/www/LIcense/frontend/src/locales/en.json[22m
[2m12:44:44 AM[22m [36m[1m[vite][22m[39m [90m[2m(client)[22m[39m [32mpage reload [39m[2mC:/laragon/www/LIcense/frontend/src/locales/ar.json[22m
[2m2:39:41 AM[22m [36m[1m[vite][22m[39m [90m[2m(client)[22m[39m [32mhmr update [39m[2m/@fs/C:/laragon/www/LIcense/frontend/src/index.css[22m
[2m2:39:41 AM[22m [36m[1m[vite][22m[39m [90m[2m(client)[22m[39m [32mhmr update [39m[2m/@fs/C:/laragon/www/LIcense/frontend/src/components/layout/DashboardLayout.tsx[22m
[2m2:40:00 AM[22m [36m[1m[vite][22m[39m [90m[2m(client)[22m[39m [32mhmr update [39m[2m/@fs/C:/laragon/www/LIcense/frontend/src/index.css[22m
[2m2:40:00 AM[22m [36m[1m[vite][22m[39m [90m[2m(client)[22m[39m [32mhmr update [39m[2m/@fs/C:/laragon/www/LIcense/frontend/src/components/shared/ProfileWorkspace.tsx[22m
[2m2:40:25 AM[22m [36m[1m[vite][22m[39m [90m[2m(client)[22m[39m [32mhmr update [39m[2m/@fs/C:/laragon/www/LIcense/frontend/src/index.css[22m
[2m2:40:25 AM[22m [36m[1m[vite][22m[39m [90m[2m(client)[22m[39m [32mhmr update [39m[2m/@fs/C:/laragon/www/LIcense/frontend/src/pages/super-admin/Profile.tsx[22m
[2m2:41:19 AM[22m [36m[1m[vite][22m[39m [90m[2m(client)[22m[39m [32mhmr update [39m[2m/@fs/C:/laragon/www/LIcense/frontend/src/index.css[22m
[2m2:41:19 AM[22m [36m[1m[vite][22m[39m [90m[2m(client)[22m[39m [32mhmr update [39m[2m/@fs/C:/laragon/www/LIcense/frontend/src/components/ui/button.tsx, /@fs/C:/laragon/www/LIcense/frontend/src/components/ui/card.tsx, /@fs/C:/laragon/www/LIcense/frontend/src/components/shared/PageTransition.tsx, /@fs/C:/laragon/www/LIcense/frontend/src/components/shared/OnlineUsersWidget.tsx, /@fs/C:/laragon/www/LIcense/frontend/src/components/layout/Sidebar.tsx, /@fs/C:/laragon/www/LIcense/frontend/src/components/ui/dropdown-menu.tsx, /@fs/C:/laragon/www/LIcense/frontend/src/components/shared/RoleBadge.tsx, /@fs/C:/laragon/www/LIcense/frontend/src/pages/reseller/Dashboard.tsx, /@fs/C:/laragon/www/LIcense/frontend/src/components/shared/SkeletonCard.tsx, /@fs/C:/laragon/www/LIcense/frontend/src/components/shared/StatsCard.tsx, /@fs/C:/laragon/www/LIcense/frontend/src/components/manager-parent/PageHeader.tsx, /@fs/C:/laragon/www/LIcense/frontend/src/components/charts/BaseChart.tsx, /@fs/C:/laragon/www/LIcense/frontend/src/components/charts/ChartCard.tsx, /@fs/C:/laragon/www/LIcense/frontend/src/components/shared/SkeletonChart.tsx, /@fs/C:/laragon/www/LIcense/frontend/src/pages/manager/Dashboard.tsx, /@fs/C:/laragon/www/LIcense/frontend/src/pages/manager-parent/Dashboard.tsx, /@fs/C:/laragon/www/LIcense/frontend/src/components/ui/input.tsx, /@fs/C:/laragon/www/LIcense/frontend/src/components/ui/label.tsx, /@fs/C:/laragon/www/LIcense/frontend/src/pages/super-admin/Dashboard.tsx, /@fs/C:/laragon/www/LIcense/frontend/src/pages/reseller/Customers.tsx, /@fs/C:/laragon/www/LIcense/frontend/src/components/shared/StatusBadge.tsx, /@fs/C:/laragon/www/LIcense/frontend/src/components/customers/StatusFilterCard.tsx, /@fs/C:/laragon/www/LIcense/frontend/src/components/ui/dialog.tsx, /@fs/C:/laragon/www/LIcense/frontend/src/components/shared/DataTable.tsx, /@fs/C:/laragon/www/LIcense/frontend/src/components/shared/ResponsiveTable.tsx, /@fs/C:/laragon/www/LIcense/frontend/src/pages/reseller/Activations.tsx, /@fs/C:/laragon/www/LIcense/frontend/src/components/ui/date-range-picker.tsx, /@fs/C:/laragon/www/LIcense/frontend/src/pages/reseller/Reports.tsx, /@fs/C:/laragon/www/LIcense/frontend/src/pages/manager/Customers.tsx, /@fs/C:/laragon/www/LIcense/frontend/src/pages/manager/Reports.tsx, /@fs/C:/laragon/www/LIcense/frontend/src/pages/manager-parent/Customers.tsx, /@fs/C:/laragon/www/LIcense/frontend/src/pages/manager-parent/FinancialReports.tsx, /@fs/C:/laragon/www/LIcense/frontend/src/pages/manager-parent/BiosConflicts.tsx, /@fs/C:/laragon/www/LIcense/frontend/src/components/ui/textarea.tsx, /@fs/C:/laragon/www/LIcense/frontend/src/pages/manager-parent/ResellerLogs.tsx, /@fs/C:/laragon/www/LIcense/frontend/src/pages/super-admin/Customers.tsx, /@fs/C:/laragon/www/LIcense/frontend/src/pages/super-admin/Reports.tsx, /@fs/C:/laragon/www/LIcense/frontend/src/pages/super-admin/Users.tsx, /@fs/C:/laragon/www/LIcense/frontend/src/pages/super-admin/Tenants.tsx, /@fs/C:/laragon/www/LIcense/frontend/src/components/shared/LoadingSpinner.tsx, /@fs/C:/laragon/www/LIcense/frontend/src/pages/super-admin/BiosConflicts.tsx, /@fs/C:/laragon/www/LIcense/frontend/src/pages/shared/RenewLicensePage.tsx, /@fs/C:/laragon/www/LIcense/frontend/src/pages/shared/CustomerCreatePage.tsx, /@fs/C:/laragon/www/LIcense/frontend/src/components/shared/ProgramCatalogPage.tsx, /@fs/C:/laragon/www/LIcense/frontend/src/pages/manager/Team.tsx, /@fs/C:/laragon/www/LIcense/frontend/src/pages/manager-parent/TeamManagement.tsx, /@fs/C:/laragon/www/LIcense/frontend/src/components/ui/tabs.tsx, /@fs/C:/laragon/www/LIcense/frontend/src/pages/super-admin/AdminManagement.tsx[22m
[2m2:41:47 AM[22m [36m[1m[vite][22m[39m [90m[2m(client)[22m[39m [32mhmr update [39m[2m/@fs/C:/laragon/www/LIcense/frontend/src/index.css[22m
[2m2:41:47 AM[22m [36m[1m[vite][22m[39m [90m[2m(client)[22m[39m [32mhmr update [39m[2m/@fs/C:/laragon/www/LIcense/frontend/src/pages/manager/Team.tsx[22m
[2m2:42:33 AM[22m [36m[1m[vite][22m[39m [90m[2m(client)[22m[39m [32mhmr update [39m[2m/@fs/C:/laragon/www/LIcense/frontend/src/index.css[22m
[2m2:42:33 AM[22m [36m[1m[vite][22m[39m [90m[2m(client)[22m[39m [32mhmr update [39m[2m/@fs/C:/laragon/www/LIcense/frontend/src/pages/manager/Team.tsx[22m
[2m2:42:58 AM[22m [36m[1m[vite][22m[39m [90m[2m(client)[22m[39m [32mhmr update [39m[2m/@fs/C:/laragon/www/LIcense/frontend/src/index.css[22m
[2m2:42:58 AM[22m [36m[1m[vite][22m[39m [90m[2m(client)[22m[39m [32mhmr update [39m[2m/@fs/C:/laragon/www/LIcense/frontend/src/pages/manager/Team.tsx[22m
[2m2:43:14 AM[22m [36m[1m[vite][22m[39m [90m[2m(client)[22m[39m [32mhmr update [39m[2m/@fs/C:/laragon/www/LIcense/frontend/src/index.css[22m
[2m2:43:14 AM[22m [36m[1m[vite][22m[39m [90m[2m(client)[22m[39m [32mhmr update [39m[2m/@fs/C:/laragon/www/LIcense/frontend/src/pages/manager/Team.tsx[22m
[2m2:44:27 AM[22m [36m[1m[vite][22m[39m [90m[2m(client)[22m[39m [32mhmr update [39m[2m/@fs/C:/laragon/www/LIcense/frontend/src/index.css[22m
[2m2:44:27 AM[22m [36m[1m[vite][22m[39m [90m[2m(client)[22m[39m [32mhmr update [39m[2m/@fs/C:/laragon/www/LIcense/frontend/src/pages/manager/Team.tsx[22m
[2m2:44:52 AM[22m [36m[1m[vite][22m[39m [90m[2m(client)[22m[39m [32mhmr update [39m[2m/@fs/C:/laragon/www/LIcense/frontend/src/index.css[22m
[2m2:44:52 AM[22m [36m[1m[vite][22m[39m [90m[2m(client)[22m[39m [32mhmr update [39m[2m/@fs/C:/laragon/www/LIcense/frontend/src/pages/manager/Team.tsx[22m
[2m2:45:08 AM[22m [36m[1m[vite][22m[39m [90m[2m(client)[22m[39m [32mhmr update [39m[2m/@fs/C:/laragon/www/LIcense/frontend/src/index.css[22m
[2m2:45:08 AM[22m [36m[1m[vite][22m[39m [90m[2m(client)[22m[39m [32mhmr update [39m[2m/@fs/C:/laragon/www/LIcense/frontend/src/pages/manager/Team.tsx[22m
[2m2:45:31 AM[22m [36m[1m[vite][22m[39m [90m[2m(client)[22m[39m [32mhmr update [39m[2m/@fs/C:/laragon/www/LIcense/frontend/src/index.css[22m
[2m2:45:31 AM[22m [36m[1m[vite][22m[39m [90m[2m(client)[22m[39m [32mhmr update [39m[2m/@fs/C:/laragon/www/LIcense/frontend/src/pages/manager-parent/TeamManagement.tsx[22m
[2m2:45:50 AM[22m [36m[1m[vite][22m[39m [90m[2m(client)[22m[39m [32mhmr update [39m[2m/@fs/C:/laragon/www/LIcense/frontend/src/index.css[22m
[2m2:45:50 AM[22m [36m[1m[vite][22m[39m [90m[2m(client)[22m[39m [32mhmr update [39m[2m/@fs/C:/laragon/www/LIcense/frontend/src/pages/manager-parent/TeamManagement.tsx[22m
[2m2:46:01 AM[22m [36m[1m[vite][22m[39m [90m[2m(client)[22m[39m [32mhmr update [39m[2m/@fs/C:/laragon/www/LIcense/frontend/src/index.css[22m
[2m2:46:01 AM[22m [36m[1m[vite][22m[39m [90m[2m(client)[22m[39m [32mhmr update [39m[2m/@fs/C:/laragon/www/LIcense/frontend/src/pages/manager-parent/TeamManagement.tsx[22m
[2m2:46:13 AM[22m [36m[1m[vite][22m[39m [90m[2m(client)[22m[39m [32mhmr update [39m[2m/@fs/C:/laragon/www/LIcense/frontend/src/index.css[22m
[2m2:46:13 AM[22m [36m[1m[vite][22m[39m [90m[2m(client)[22m[39m [32mhmr update [39m[2m/@fs/C:/laragon/www/LIcense/frontend/src/pages/manager-parent/TeamManagement.tsx[22m
[2m2:46:51 AM[22m [36m[1m[vite][22m[39m [90m[2m(client)[22m[39m [32mhmr update [39m[2m/@fs/C:/laragon/www/LIcense/frontend/src/index.css[22m
[2m2:46:51 AM[22m [36m[1m[vite][22m[39m [90m[2m(client)[22m[39m [32mhmr update [39m[2m/@fs/C:/laragon/www/LIcense/frontend/src/pages/manager-parent/TeamManagement.tsx[22m
[2m2:47:07 AM[22m [36m[1m[vite][22m[39m [90m[2m(client)[22m[39m [32mhmr update [39m[2m/@fs/C:/laragon/www/LIcense/frontend/src/index.css[22m
[2m2:47:07 AM[22m [36m[1m[vite][22m[39m [90m[2m(client)[22m[39m [32mhmr update [39m[2m/@fs/C:/laragon/www/LIcense/frontend/src/pages/manager-parent/TeamManagement.tsx[22m
[2m2:47:43 AM[22m [36m[1m[vite][22m[39m [90m[2m(client)[22m[39m [32mhmr update [39m[2m/@fs/C:/laragon/www/LIcense/frontend/src/index.css[22m
[2m2:47:43 AM[22m [36m[1m[vite][22m[39m [90m[2m(client)[22m[39m [32mhmr update [39m[2m/@fs/C:/laragon/www/LIcense/frontend/src/pages/super-admin/AdminManagement.tsx[22m
[2m2:48:12 AM[22m [36m[1m[vite][22m[39m [90m[2m(client)[22m[39m [32mhmr update [39m[2m/@fs/C:/laragon/www/LIcense/frontend/src/index.css[22m
[2m2:48:12 AM[22m [36m[1m[vite][22m[39m [90m[2m(client)[22m[39m [32mhmr update [39m[2m/@fs/C:/laragon/www/LIcense/frontend/src/pages/super-admin/AdminManagement.tsx[22m
[2m2:48:34 AM[22m [36m[1m[vite][22m[39m [90m[2m(client)[22m[39m [32mhmr update [39m[2m/@fs/C:/laragon/www/LIcense/frontend/src/index.css[22m
[2m2:48:34 AM[22m [36m[1m[vite][22m[39m [90m[2m(client)[22m[39m [32mhmr update [39m[2m/@fs/C:/laragon/www/LIcense/frontend/src/pages/super-admin/AdminManagement.tsx[22m
[2m2:48:49 AM[22m [36m[1m[vite][22m[39m [90m[2m(client)[22m[39m [32mhmr update [39m[2m/@fs/C:/laragon/www/LIcense/frontend/src/index.css[22m
[2m2:48:49 AM[22m [36m[1m[vite][22m[39m [90m[2m(client)[22m[39m [32mhmr update [39m[2m/@fs/C:/laragon/www/LIcense/frontend/src/pages/super-admin/AdminManagement.tsx[22m
[2m2:49:35 AM[22m [36m[1m[vite][22m[39m [90m[2m(client)[22m[39m [32mhmr update [39m[2m/@fs/C:/laragon/www/LIcense/frontend/src/index.css[22m
[2m2:49:35 AM[22m [36m[1m[vite][22m[39m [90m[2m(client)[22m[39m [32mhmr update [39m[2m/@fs/C:/laragon/www/LIcense/frontend/src/pages/super-admin/AdminManagement.tsx[22m
[2m2:49:44 AM[22m [36m[1m[vite][22m[39m [90m[2m(client)[22m[39m [32mhmr update [39m[2m/@fs/C:/laragon/www/LIcense/frontend/src/index.css[22m
[2m2:49:44 AM[22m [36m[1m[vite][22m[39m [90m[2m(client)[22m[39m [32mhmr update [39m[2m/@fs/C:/laragon/www/LIcense/frontend/src/pages/super-admin/AdminManagement.tsx[22m
[2m2:50:07 AM[22m [36m[1m[vite][22m[39m [90m[2m(client)[22m[39m [32mhmr update [39m[2m/@fs/C:/laragon/www/LIcense/frontend/src/index.css[22m
[2m2:50:07 AM[22m [36m[1m[vite][22m[39m [90m[2m(client)[22m[39m [32mhmr update [39m[2m/@fs/C:/laragon/www/LIcense/frontend/src/pages/super-admin/Users.tsx[22m
[2m2:50:45 AM[22m [36m[1m[vite][22m[39m [90m[2m(client)[22m[39m [32mhmr update [39m[2m/@fs/C:/laragon/www/LIcense/frontend/src/index.css[22m
[2m2:51:41 AM[22m [36m[1m[vite][22m[39m [90m[2m(client)[22m[39m [32mhmr update [39m[2m/@fs/C:/laragon/www/LIcense/frontend/src/index.css[22m
[2m2:52:37 AM[22m [36m[1m[vite][22m[39m [90m[2m(client)[22m[39m [32mhmr update [39m[2m/@fs/C:/laragon/www/LIcense/frontend/src/index.css[22m
[2m2:53:02 AM[22m [36m[1m[vite][22m[39m [90m[2m(client)[22m[39m [32mhmr update [39m[2m/@fs/C:/laragon/www/LIcense/frontend/src/index.css[22m
[2m2:54:01 AM[22m [36m[1m[vite][22m[39m [90m[2m(client)[22m[39m [32mhmr update [39m[2m/@fs/C:/laragon/www/LIcense/frontend/src/index.css[22m
[2m2:54:38 AM[22m [36m[1m[vite][22m[39m [90m[2m(client)[22m[39m [32mhmr update [39m[2m/@fs/C:/laragon/www/LIcense/frontend/src/index.css[22m
[2m2:56:02 AM[22m [36m[1m[vite][22m[39m [90m[2m(client)[22m[39m [32mpage reload [39m[2mC:/laragon/www/LIcense/frontend/src/locales/en.json[22m
[2m2:57:35 AM[22m [36m[1m[vite][22m[39m [90m[2m(client)[22m[39m [32mhmr update [39m[2m/@fs/C:/laragon/www/LIcense/frontend/src/index.css[22m
[2m2:57:35 AM[22m [36m[1m[vite][22m[39m [90m[2m(client)[22m[39m [32mhmr update [39m[2m/@fs/C:/laragon/www/LIcense/frontend/src/router/guards.tsx, /@fs/C:/laragon/www/LIcense/frontend/src/pages/errors/AccessDenied.tsx, /@fs/C:/laragon/www/LIcense/frontend/src/pages/errors/ServerError.tsx, /@fs/C:/laragon/www/LIcense/frontend/src/pages/errors/NotFound.tsx, /@fs/C:/laragon/www/LIcense/frontend/src/components/layout/DashboardLayout.tsx, /@fs/C:/laragon/www/LIcense/frontend/src/components/layout/Navbar.tsx, /@fs/C:/laragon/www/LIcense/frontend/src/components/shared/OnlineUsersWidget.tsx, /@fs/C:/laragon/www/LIcense/frontend/src/components/layout/Sidebar.tsx, /@fs/C:/laragon/www/LIcense/frontend/src/pages/auth/Login.tsx, /@fs/C:/laragon/www/LIcense/frontend/src/components/shared/ProfileWorkspace.tsx, /@fs/C:/laragon/www/LIcense/frontend/src/pages/manager-parent/ResellerLogs.tsx, /@fs/C:/laragon/www/LIcense/frontend/src/pages/super-admin/Profile.tsx, /@fs/C:/laragon/www/LIcense/frontend/src/pages/super-admin/AdminManagement.tsx[22m
[2m2:58:15 AM[22m [36m[1m[vite][22m[39m [90m[2m(client)[22m[39m [32mhmr update [39m[2m/@fs/C:/laragon/www/LIcense/frontend/src/index.css[22m
[2m2:58:15 AM[22m [36m[1m[vite][22m[39m [90m[2m(client)[22m[39m [32mhmr update [39m[2m/@fs/C:/laragon/www/LIcense/frontend/src/pages/manager/Team.tsx[22m
[2m2:58:24 AM[22m [36m[1m[vite][22m[39m [90m[2m(client)[22m[39m [32mhmr update [39m[2m/@fs/C:/laragon/www/LIcense/frontend/src/index.css[22m
[2m2:58:38 AM[22m [36m[1m[vite][22m[39m [90m[2m(client)[22m[39m [32mhmr update [39m[2m/@fs/C:/laragon/www/LIcense/frontend/src/index.css[22m
[2m2:58:38 AM[22m [36m[1m[vite][22m[39m [90m[2m(client)[22m[39m [32mhmr update [39m[2m/@fs/C:/laragon/www/LIcense/frontend/src/pages/manager-parent/TeamManagement.tsx[22m
[2m2:58:56 AM[22m [36m[1m[vite][22m[39m [90m[2m(client)[22m[39m [32mhmr update [39m[2m/@fs/C:/laragon/www/LIcense/frontend/src/index.css[22m
[2m2:59:30 AM[22m [36m[1m[vite][22m[39m [90m[2m(client)[22m[39m [32mhmr update [39m[2m/@fs/C:/laragon/www/LIcense/frontend/src/index.css[22m
[2m2:59:30 AM[22m [36m[1m[vite][22m[39m [90m[2m(client)[22m[39m [32mhmr update [39m[2m/@fs/C:/laragon/www/LIcense/frontend/src/pages/super-admin/AdminManagement.tsx[22m
[2m3:00:03 AM[22m [36m[1m[vite][22m[39m [90m[2m(client)[22m[39m [32mhmr update [39m[2m/@fs/C:/laragon/www/LIcense/frontend/src/index.css[22m
[2m3:00:03 AM[22m [36m[1m[vite][22m[39m [90m[2m(client)[22m[39m [32mhmr update [39m[2m/@fs/C:/laragon/www/LIcense/frontend/src/pages/super-admin/Users.tsx[22m
[2m3:00:22 AM[22m [36m[1m[vite][22m[39m [90m[2m(client)[22m[39m [32mhmr update [39m[2m/@fs/C:/laragon/www/LIcense/frontend/src/index.css[22m
[2m3:18:32 AM[22m [36m[1m[vite][22m[39m [90m[2m(client)[22m[39m [32mhmr update [39m[2m/@fs/C:/laragon/www/LIcense/frontend/src/index.css[22m
[2m3:18:32 AM[22m [36m[1m[vite][22m[39m [90m[2m(client)[22m[39m [32mhmr update [39m[2m/@fs/C:/laragon/www/LIcense/frontend/src/pages/manager/ProgramForm.tsx[22m
[2m3:18:32 AM[22m [36m[1m[vite][22m[39m [90m[2m(client)[22m[39m [32mhmr update [39m[2m/@fs/C:/laragon/www/LIcense/frontend/src/index.css[22m
[2m3:18:32 AM[22m [36m[1m[vite][22m[39m [90m[2m(client)[22m[39m [32mhmr update [39m[2m/@fs/C:/laragon/www/LIcense/frontend/src/pages/manager-parent/ProgramForm.tsx[22m
[2m3:18:32 AM[22m [36m[1m[vite][22m[39m [90m[2m(client)[22m[39m [32mpage reload [39m[2mC:/laragon/www/LIcense/frontend/src/locales/en.json[22m
[2m3:18:32 AM[22m [36m[1m[vite][22m[39m [90m[2m(client)[22m[39m [32mpage reload [39m[2mC:/laragon/www/LIcense/frontend/src/locales/ar.json[22m
[2m4:42:02 AM[22m [36m[1m[vite][22m[39m [90m[2m(client)[22m[39m [32mpage reload [39m[2mC:/laragon/www/LIcense/frontend/src/lib/constants.ts[22m
[2m4:42:02 AM[22m [36m[1m[vite][22m[39m [90m[2m(client)[22m[39m [32mhmr update [39m[2m/@fs/C:/laragon/www/LIcense/frontend/src/index.css[22m
[2m4:42:26 AM[22m [36m[1m[vite][22m[39m [90m[2m(client)[22m[39m [32mhmr update [39m[2m/@fs/C:/laragon/www/LIcense/frontend/src/index.css[22m
[2m4:42:26 AM[22m [36m[1m[vite][22m[39m [90m[2m(client)[22m[39m [32mhmr update [39m[2m/@fs/C:/laragon/www/LIcense/frontend/src/router/guards.tsx, /@fs/C:/laragon/www/LIcense/frontend/src/router/LanguageLayout.tsx, /@fs/C:/laragon/www/LIcense/frontend/src/pages/errors/AccessDenied.tsx, /@fs/C:/laragon/www/LIcense/frontend/src/pages/errors/ServerError.tsx, /@fs/C:/laragon/www/LIcense/frontend/src/pages/errors/NotFound.tsx, /@fs/C:/laragon/www/LIcense/frontend/src/components/layout/DashboardLayout.tsx, /@fs/C:/laragon/www/LIcense/frontend/src/components/layout/Navbar.tsx, /@fs/C:/laragon/www/LIcense/frontend/src/components/shared/OnlineUsersWidget.tsx, /@fs/C:/laragon/www/LIcense/frontend/src/components/layout/Sidebar.tsx, /@fs/C:/laragon/www/LIcense/frontend/src/pages/auth/Login.tsx, /@fs/C:/laragon/www/LIcense/frontend/src/components/shared/ProfileWorkspace.tsx, /@fs/C:/laragon/www/LIcense/frontend/src/pages/manager-parent/ResellerLogs.tsx, /@fs/C:/laragon/www/LIcense/frontend/src/pages/super-admin/Profile.tsx, /@fs/C:/laragon/www/LIcense/frontend/src/pages/super-admin/AdminManagement.tsx, /@fs/C:/laragon/www/LIcense/frontend/src/pages/manager/Dashboard.tsx, /@fs/C:/laragon/www/LIcense/frontend/src/pages/manager/Customers.tsx, /@fs/C:/laragon/www/LIcense/frontend/src/pages/manager/Reports.tsx, /@fs/C:/laragon/www/LIcense/frontend/src/pages/manager/Team.tsx, /@fs/C:/laragon/www/LIcense/frontend/src/pages/manager/TeamMemberDetail.tsx, /@fs/C:/laragon/www/LIcense/frontend/src/pages/manager/ProgramForm.tsx, /@fs/C:/laragon/www/LIcense/frontend/src/pages/manager-parent/Dashboard.tsx, /@fs/C:/laragon/www/LIcense/frontend/src/pages/manager-parent/FinancialReports.tsx, /@fs/C:/laragon/www/LIcense/frontend/src/pages/manager-parent/BiosConflicts.tsx, /@fs/C:/laragon/www/LIcense/frontend/src/pages/manager-parent/TeamManagement.tsx, /@fs/C:/laragon/www/LIcense/frontend/src/pages/manager-parent/TeamMemberDetail.tsx, /@fs/C:/laragon/www/LIcense/frontend/src/pages/reseller/Dashboard.tsx, /@fs/C:/laragon/www/LIcense/frontend/src/pages/reseller/Customers.tsx, /@fs/C:/laragon/www/LIcense/frontend/src/pages/reseller/Reports.tsx, /@fs/C:/laragon/www/LIcense/frontend/src/pages/reseller/CreateCustomer.tsx, /@fs/C:/laragon/www/LIcense/frontend/src/pages/super-admin/Dashboard.tsx, /@fs/C:/laragon/www/LIcense/frontend/src/pages/super-admin/Reports.tsx, /@fs/C:/laragon/www/LIcense/frontend/src/pages/super-admin/BiosConflicts.tsx, /@fs/C:/laragon/www/LIcense/frontend/src/pages/super-admin/UserDetail.tsx, /@fs/C:/laragon/www/LIcense/frontend/src/pages/reseller/Activations.tsx, /@fs/C:/laragon/www/LIcense/frontend/src/pages/manager-parent/Customers.tsx, /@fs/C:/laragon/www/LIcense/frontend/src/pages/super-admin/Customers.tsx, /@fs/C:/laragon/www/LIcense/frontend/src/pages/shared/RenewLicensePage.tsx, /@fs/C:/laragon/www/LIcense/frontend/src/pages/shared/CustomerCreatePage.tsx, /@fs/C:/laragon/www/LIcense/frontend/src/components/shared/ProgramCatalogPage.tsx, /@fs/C:/laragon/www/LIcense/frontend/src/pages/manager-parent/ProgramForm.tsx, /@fs/C:/laragon/www/LIcense/frontend/src/pages/super-admin/Users.tsx, /@fs/C:/laragon/www/LIcense/frontend/src/pages/super-admin/Tenants.tsx, /@fs/C:/laragon/www/LIcense/frontend/src/pages/reseller/RenewLicense.tsx, /@fs/C:/laragon/www/LIcense/frontend/src/pages/manager/RenewLicense.tsx, /@fs/C:/laragon/www/LIcense/frontend/src/pages/manager-parent/RenewLicense.tsx, /@fs/C:/laragon/www/LIcense/frontend/src/pages/super-admin/RenewLicense.tsx, /@fs/C:/laragon/www/LIcense/frontend/src/pages/reseller/Software.tsx[22m
[2m4:42:26 AM[22m [36m[1m[vite][22m[39m [90m[2m(client)[22m[39m [32mhmr update [39m[2m/@fs/C:/laragon/www/LIcense/frontend/src/index.css[22m
[2m4:42:26 AM[22m [36m[1m[vite][22m[39m [90m[2m(client)[22m[39m [32mhmr update [39m[2m/@fs/C:/laragon/www/LIcense/frontend/src/router/index.tsx[22m
[2m4:42:45 AM[22m [36m[1m[vite][22m[39m [90m[2m(client)[22m[39m [32mhmr update [39m[2m/@fs/C:/laragon/www/LIcense/frontend/src/index.css[22m
[2m4:42:45 AM[22m [36m[1m[vite][22m[39m [90m[2m(client)[22m[39m [32mhmr update [39m[2m/@fs/C:/laragon/www/LIcense/frontend/src/router/guards.tsx, /@fs/C:/laragon/www/LIcense/frontend/src/pages/errors/AccessDenied.tsx, /@fs/C:/laragon/www/LIcense/frontend/src/pages/errors/ServerError.tsx, /@fs/C:/laragon/www/LIcense/frontend/src/pages/errors/NotFound.tsx, /@fs/C:/laragon/www/LIcense/frontend/src/components/layout/DashboardLayout.tsx, /@fs/C:/laragon/www/LIcense/frontend/src/components/layout/Navbar.tsx, /@fs/C:/laragon/www/LIcense/frontend/src/components/shared/OnlineUsersWidget.tsx, /@fs/C:/laragon/www/LIcense/frontend/src/components/layout/Sidebar.tsx, /@fs/C:/laragon/www/LIcense/frontend/src/pages/auth/Login.tsx, /@fs/C:/laragon/www/LIcense/frontend/src/components/shared/ProfileWorkspace.tsx, /@fs/C:/laragon/www/LIcense/frontend/src/pages/manager-parent/ResellerLogs.tsx, /@fs/C:/laragon/www/LIcense/frontend/src/pages/super-admin/Profile.tsx, /@fs/C:/laragon/www/LIcense/frontend/src/pages/super-admin/AdminManagement.tsx, /@fs/C:/laragon/www/LIcense/frontend/src/pages/manager/Dashboard.tsx, /@fs/C:/laragon/www/LIcense/frontend/src/pages/manager/Customers.tsx, /@fs/C:/laragon/www/LIcense/frontend/src/pages/manager/Reports.tsx, /@fs/C:/laragon/www/LIcense/frontend/src/pages/manager/Team.tsx, /@fs/C:/laragon/www/LIcense/frontend/src/pages/manager/TeamMemberDetail.tsx, /@fs/C:/laragon/www/LIcense/frontend/src/pages/manager/ProgramForm.tsx, /@fs/C:/laragon/www/LIcense/frontend/src/pages/manager-parent/Dashboard.tsx, /@fs/C:/laragon/www/LIcense/frontend/src/pages/manager-parent/FinancialReports.tsx, /@fs/C:/laragon/www/LIcense/frontend/src/pages/manager-parent/BiosConflicts.tsx, /@fs/C:/laragon/www/LIcense/frontend/src/pages/manager-parent/TeamManagement.tsx, /@fs/C:/laragon/www/LIcense/frontend/src/pages/manager-parent/TeamMemberDetail.tsx, /@fs/C:/laragon/www/LIcense/frontend/src/pages/reseller/Dashboard.tsx, /@fs/C:/laragon/www/LIcense/frontend/src/pages/reseller/Customers.tsx, /@fs/C:/laragon/www/LIcense/frontend/src/pages/reseller/Reports.tsx, /@fs/C:/laragon/www/LIcense/frontend/src/pages/reseller/CreateCustomer.tsx, /@fs/C:/laragon/www/LIcense/frontend/src/pages/super-admin/Dashboard.tsx, /@fs/C:/laragon/www/LIcense/frontend/src/pages/super-admin/Reports.tsx, /@fs/C:/laragon/www/LIcense/frontend/src/pages/super-admin/BiosConflicts.tsx, /@fs/C:/laragon/www/LIcense/frontend/src/pages/super-admin/UserDetail.tsx, /@fs/C:/laragon/www/LIcense/frontend/src/pages/reseller/Activations.tsx, /@fs/C:/laragon/www/LIcense/frontend/src/pages/manager-parent/Customers.tsx, /@fs/C:/laragon/www/LIcense/frontend/src/pages/super-admin/Customers.tsx, /@fs/C:/laragon/www/LIcense/frontend/src/pages/shared/RenewLicensePage.tsx, /@fs/C:/laragon/www/LIcense/frontend/src/pages/shared/CustomerCreatePage.tsx, /@fs/C:/laragon/www/LIcense/frontend/src/components/shared/ProgramCatalogPage.tsx, /@fs/C:/laragon/www/LIcense/frontend/src/pages/manager-parent/ProgramForm.tsx, /@fs/C:/laragon/www/LIcense/frontend/src/pages/super-admin/Users.tsx, /@fs/C:/laragon/www/LIcense/frontend/src/pages/super-admin/Tenants.tsx[22m
[2m4:42:45 AM[22m [36m[1m[vite][22m[39m [90m[2m(client)[22m[39m [32mhmr update [39m[2m/@fs/C:/laragon/www/LIcense/frontend/src/index.css[22m
[2m4:42:45 AM[22m [36m[1m[vite][22m[39m [90m[2m(client)[22m[39m [32mhmr update [39m[2m/@fs/C:/laragon/www/LIcense/frontend/src/pages/auth/Login.tsx[22m
[2m4:43:03 AM[22m [36m[1m[vite][22m[39m [90m[2m(client)[22m[39m [32mhmr update [39m[2m/@fs/C:/laragon/www/LIcense/frontend/src/index.css[22m
[2m4:43:03 AM[22m [36m[1m[vite][22m[39m [90m[2m(client)[22m[39m [32mhmr update [39m[2m/@fs/C:/laragon/www/LIcense/frontend/src/components/layout/DashboardLayout.tsx[22m
[2m4:43:03 AM[22m [36m[1m[vite][22m[39m [90m[2m(client)[22m[39m [32mhmr update [39m[2m/@fs/C:/laragon/www/LIcense/frontend/src/index.css[22m
[2m4:43:03 AM[22m [36m[1m[vite][22m[39m [90m[2m(client)[22m[39m [32mhmr update [39m[2m/@fs/C:/laragon/www/LIcense/frontend/src/pages/manager/Team.tsx[22m
[2m4:43:03 AM[22m [36m[1m[vite][22m[39m [90m[2m(client)[22m[39m [32mhmr update [39m[2m/@fs/C:/laragon/www/LIcense/frontend/src/index.css[22m
[2m4:43:03 AM[22m [36m[1m[vite][22m[39m [90m[2m(client)[22m[39m [32mhmr update [39m[2m/@fs/C:/laragon/www/LIcense/frontend/src/pages/manager-parent/TeamManagement.tsx[22m
[2m4:43:03 AM[22m [36m[1m[vite][22m[39m [90m[2m(client)[22m[39m [32mhmr update [39m[2m/@fs/C:/laragon/www/LIcense/frontend/src/index.css[22m
[2m4:43:03 AM[22m [36m[1m[vite][22m[39m [90m[2m(client)[22m[39m [32mhmr update [39m[2m/@fs/C:/laragon/www/LIcense/frontend/src/pages/super-admin/AdminManagement.tsx[22m
[2m4:43:31 AM[22m [36m[1m[vite][22m[39m [90m[2m(client)[22m[39m [32mpage reload [39m[2mC:/laragon/www/LIcense/frontend/src/locales/en.json[22m
[2m4:43:31 AM[22m [36m[1m[vite][22m[39m [90m[2m(client)[22m[39m [32mpage reload [39m[2mC:/laragon/www/LIcense/frontend/src/locales/ar.json[22m
[2m6:18:20 AM[22m [36m[1m[vite][22m[39m [90m[2m(client)[22m[39m [32mhmr update [39m[2m/@fs/C:/laragon/www/LIcense/frontend/src/index.css[22m
[2m6:18:28 AM[22m [36m[1m[vite][22m[39m [90m[2m(client)[22m[39m [32mhmr update [39m[2m/@fs/C:/laragon/www/LIcense/frontend/src/index.css[22m
[2m6:18:35 AM[22m [36m[1m[vite][22m[39m [90m[2m(client)[22m[39m [32mhmr update [39m[2m/@fs/C:/laragon/www/LIcense/frontend/src/index.css[22m
[2m6:18:52 AM[22m [36m[1m[vite][22m[39m [90m[2m(client)[22m[39m [32mhmr update [39m[2m/@fs/C:/laragon/www/LIcense/frontend/src/index.css[22m
[2m6:18:52 AM[22m [36m[1m[vite][22m[39m [90m[2m(client)[22m[39m [32mhmr update [39m[2m/@fs/C:/laragon/www/LIcense/frontend/src/pages/manager/Team.tsx[22m
[2m6:19:09 AM[22m [36m[1m[vite][22m[39m [90m[2m(client)[22m[39m [32mhmr update [39m[2m/@fs/C:/laragon/www/LIcense/frontend/src/index.css[22m
[2m6:19:09 AM[22m [36m[1m[vite][22m[39m [90m[2m(client)[22m[39m [32mhmr update [39m[2m/@fs/C:/laragon/www/LIcense/frontend/src/pages/manager-parent/TeamManagement.tsx[22m
[2m6:19:43 AM[22m [36m[1m[vite][22m[39m [90m[2m(client)[22m[39m [32mhmr update [39m[2m/@fs/C:/laragon/www/LIcense/frontend/src/index.css[22m
[2m6:19:43 AM[22m [36m[1m[vite][22m[39m [90m[2m(client)[22m[39m [32mhmr update [39m[2m/@fs/C:/laragon/www/LIcense/frontend/src/pages/super-admin/AdminManagement.tsx[22m
[2m6:20:35 AM[22m [36m[1m[vite][22m[39m [90m[2m(client)[22m[39m [32mhmr update [39m[2m/@fs/C:/laragon/www/LIcense/frontend/src/index.css[22m
[2m6:20:35 AM[22m [36m[1m[vite][22m[39m [90m[2m(client)[22m[39m [32mhmr update [39m[2m/@fs/C:/laragon/www/LIcense/frontend/src/pages/manager/Team.tsx[22m
[2m6:40:39 AM[22m [36m[1m[vite][22m[39m [90m[2m(client)[22m[39m [32mhmr update [39m[2m/@fs/C:/laragon/www/LIcense/frontend/src/index.css[22m
[2m6:40:39 AM[22m [36m[1m[vite][22m[39m [90m[2m(client)[22m[39m [32mhmr update [39m[2m/@fs/C:/laragon/www/LIcense/frontend/src/pages/super-admin/Users.tsx[22m
[2m6:40:39 AM[22m [36m[1m[vite][22m[39m [90m[2m(client)[22m[39m [32mhmr update [39m[2m/@fs/C:/laragon/www/LIcense/frontend/src/index.css[22m
[2m6:40:39 AM[22m [36m[1m[vite][22m[39m [90m[2m(client)[22m[39m [32mhmr update [39m[2m/@fs/C:/laragon/www/LIcense/frontend/src/pages/manager/Team.tsx[22m
[2m6:40:39 AM[22m [36m[1m[vite][22m[39m [90m[2m(client)[22m[39m [32mhmr update [39m[2m/@fs/C:/laragon/www/LIcense/frontend/src/index.css[22m
[2m6:40:39 AM[22m [36m[1m[vite][22m[39m [90m[2m(client)[22m[39m [32mhmr update [39m[2m/@fs/C:/laragon/www/LIcense/frontend/src/pages/manager-parent/TeamManagement.tsx[22m
[2m6:40:39 AM[22m [36m[1m[vite][22m[39m [90m[2m(client)[22m[39m [32mhmr update [39m[2m/@fs/C:/laragon/www/LIcense/frontend/src/index.css[22m
[2m6:40:39 AM[22m [36m[1m[vite][22m[39m [90m[2m(client)[22m[39m [32mhmr update [39m[2m/@fs/C:/laragon/www/LIcense/frontend/src/index.css[22m
[2m6:40:39 AM[22m [36m[1m[vite][22m[39m [90m[2m(client)[22m[39m [32mhmr update [39m[2m/@fs/C:/laragon/www/LIcense/frontend/src/index.css[22m
[2m6:40:39 AM[22m [36m[1m[vite][22m[39m [90m[2m(client)[22m[39m [32mhmr update [39m[2m/@fs/C:/laragon/www/LIcense/frontend/src/pages/super-admin/Users.tsx[22m
[2m6:40:39 AM[22m [36m[1m[vite][22m[39m [90m[2m(client)[22m[39m [32mhmr update [39m[2m/@fs/C:/laragon/www/LIcense/frontend/src/pages/super-admin/AdminManagement.tsx[22m
[2m6:40:39 AM[22m [36m[1m[vite][22m[39m [90m[2m(client)[22m[39m [32mhmr update [39m[2m/@fs/C:/laragon/www/LIcense/frontend/src/pages/super-admin/UserDetail.tsx[22m
[2m6:40:39 AM[22m [36m[1m[vite][22m[39m [90m[2m(client)[22m[39m [32mhmr update [39m[2m/@fs/C:/laragon/www/LIcense/frontend/src/index.css[22m
[2m6:40:39 AM[22m [36m[1m[vite][22m[39m [90m[2m(client)[22m[39m [32mhmr update [39m[2m/@fs/C:/laragon/www/LIcense/frontend/src/index.css[22m
[2m6:40:39 AM[22m [36m[1m[vite][22m[39m [90m[2m(client)[22m[39m [32mhmr update [39m[2m/@fs/C:/laragon/www/LIcense/frontend/src/pages/manager/TeamMemberDetail.tsx[22m
[2m6:40:39 AM[22m [36m[1m[vite][22m[39m [90m[2m(client)[22m[39m [32mhmr update [39m[2m/@fs/C:/laragon/www/LIcense/frontend/src/index.css[22m
[2m6:40:39 AM[22m [36m[1m[vite][22m[39m [90m[2m(client)[22m[39m [32mhmr update [39m[2m/@fs/C:/laragon/www/LIcense/frontend/src/index.css[22m
[2m6:40:39 AM[22m [36m[1m[vite][22m[39m [90m[2m(client)[22m[39m [32mhmr update [39m[2m/@fs/C:/laragon/www/LIcense/frontend/src/pages/manager-parent/ResellerLogs.tsx[22m
[2m6:40:39 AM[22m [36m[1m[vite][22m[39m [90m[2m(client)[22m[39m [32mhmr update [39m[2m/@fs/C:/laragon/www/LIcense/frontend/src/pages/manager-parent/TeamMemberDetail.tsx[22m
[2m7:17:17 AM[22m [36m[1m[vite][22m[39m [90m[2m(client)[22m[39m [32mhmr update [39m[2m/@fs/C:/laragon/www/LIcense/frontend/src/index.css[22m
[2m7:17:17 AM[22m [36m[1m[vite][22m[39m [90m[2m(client)[22m[39m [32mhmr update [39m[2m/@fs/C:/laragon/www/LIcense/frontend/src/pages/super-admin/Users.tsx[22m
[2m7:17:24 AM[22m [36m[1m[vite][22m[39m [90m[2m(client)[22m[39m [32mhmr update [39m[2m/@fs/C:/laragon/www/LIcense/frontend/src/index.css[22m
[2m7:17:24 AM[22m [36m[1m[vite][22m[39m [90m[2m(client)[22m[39m [32mhmr update [39m[2m/@fs/C:/laragon/www/LIcense/frontend/src/pages/super-admin/Dashboard.tsx[22m
[2m7:17:31 AM[22m [36m[1m[vite][22m[39m [90m[2m(client)[22m[39m [32mhmr update [39m[2m/@fs/C:/laragon/www/LIcense/frontend/src/index.css[22m
[2m7:17:31 AM[22m [36m[1m[vite][22m[39m [90m[2m(client)[22m[39m [32mhmr update [39m[2m/@fs/C:/laragon/www/LIcense/frontend/src/pages/super-admin/Reports.tsx[22m
[2m7:17:35 AM[22m [36m[1m[vite][22m[39m [90m[2m(client)[22m[39m [32mhmr update [39m[2m/@fs/C:/laragon/www/LIcense/frontend/src/index.css[22m
[2m7:17:35 AM[22m [36m[1m[vite][22m[39m [90m[2m(client)[22m[39m [32mhmr update [39m[2m/@fs/C:/laragon/www/LIcense/frontend/src/pages/manager/Dashboard.tsx[22m
[2m7:17:45 AM[22m [36m[1m[vite][22m[39m [90m[2m(client)[22m[39m [32mhmr update [39m[2m/@fs/C:/laragon/www/LIcense/frontend/src/index.css[22m
[2m7:17:45 AM[22m [36m[1m[vite][22m[39m [90m[2m(client)[22m[39m [32mhmr update [39m[2m/@fs/C:/laragon/www/LIcense/frontend/src/pages/manager-parent/Dashboard.tsx[22m
[2m7:17:51 AM[22m [36m[1m[vite][22m[39m [90m[2m(client)[22m[39m [32mhmr update [39m[2m/@fs/C:/laragon/www/LIcense/frontend/src/index.css[22m
[2m7:17:51 AM[22m [36m[1m[vite][22m[39m [90m[2m(client)[22m[39m [32mhmr update [39m[2m/@fs/C:/laragon/www/LIcense/frontend/src/pages/reseller/Dashboard.tsx[22m
[2m7:18:59 AM[22m [36m[1m[vite][22m[39m [90m[2m(client)[22m[39m [32mpage reload [39m[2mC:/laragon/www/LIcense/frontend/src/locales/en.json[22m
[2m7:19:07 AM[22m [36m[1m[vite][22m[39m [90m[2m(client)[22m[39m [32mpage reload [39m[2mC:/laragon/www/LIcense/frontend/src/locales/en.json[22m
[2m7:19:15 AM[22m [36m[1m[vite][22m[39m [90m[2m(client)[22m[39m [32mpage reload [39m[2mC:/laragon/www/LIcense/frontend/src/locales/en.json[22m
[2m7:19:24 AM[22m [36m[1m[vite][22m[39m [90m[2m(client)[22m[39m [32mpage reload [39m[2mC:/laragon/www/LIcense/frontend/src/locales/en.json[22m
[2m7:19:33 AM[22m [36m[1m[vite][22m[39m [90m[2m(client)[22m[39m [32mpage reload [39m[2mC:/laragon/www/LIcense/frontend/src/locales/en.json[22m
[2m7:19:49 AM[22m [36m[1m[vite][22m[39m [90m[2m(client)[22m[39m [32mpage reload [39m[2mC:/laragon/www/LIcense/frontend/src/locales/ar.json[22m
[2m7:19:59 AM[22m [36m[1m[vite][22m[39m [90m[2m(client)[22m[39m [32mpage reload [39m[2mC:/laragon/www/LIcense/frontend/src/locales/ar.json[22m
[2m7:21:14 AM[22m [36m[1m[vite][22m[39m [90m[2m(client)[22m[39m [32mpage reload [39m[2mC:/laragon/www/LIcense/frontend/src/locales/ar.json[22m
[2m7:22:11 AM[22m [36m[1m[vite][22m[39m [90m[2m(client)[22m[39m [32mpage reload [39m[2mC:/laragon/www/LIcense/frontend/src/locales/en.json[22m
[2m7:22:18 AM[22m [36m[1m[vite][22m[39m [90m[2m(client)[22m[39m [32mpage reload [39m[2mC:/laragon/www/LIcense/frontend/src/locales/ar.json[22m
[2m7:22:28 AM[22m [36m[1m[vite][22m[39m [90m[2m(client)[22m[39m [32mpage reload [39m[2mC:/laragon/www/LIcense/frontend/src/locales/ar.json[22m
[2m7:22:38 AM[22m [36m[1m[vite][22m[39m [90m[2m(client)[22m[39m [32mpage reload [39m[2mC:/laragon/www/LIcense/frontend/src/locales/ar.json[22m
[2m7:23:00 AM[22m [36m[1m[vite][22m[39m [90m[2m(client)[22m[39m [32mpage reload [39m[2mC:/laragon/www/LIcense/frontend/src/locales/ar.json[22m
[2m7:27:31 AM[22m [36m[1m[vite][22m[39m [90m[2m(client)[22m[39m [32mpage reload [39m[2mC:/laragon/www/LIcense/frontend/src/locales/en.json[22m
